<?xml version="1.0" encoding="UTF-8"?>
<testsuite xmlns:xsi="http://www.w3.org/2001/XMLSchema-instance" xsi:noNamespaceSchemaLocation="https://maven.apache.org/surefire/maven-surefire-plugin/xsd/surefire-test-report.xsd" name="com.example.eventsapp.controller.CategoryControllerTest" time="0.204" tests="10" errors="4" skipped="0" failures="0">
  <properties>
[...]
</properties>
  <testcase name="deleteCategory_WithInvalidId_ShouldThrowException" classname="com.example.eventsapp.controller.CategoryControllerTest" time="0.008">
    <error message="Request processing failed; nested exception is java.lang.RuntimeException: Category not found with id: 999" type="org.springframework.web.util.NestedServletException">org.springframework.web.util.NestedServletException: Request processing failed; nested exception is java.lang.RuntimeException: Category not found with id: 999
	at com.example.eventsapp.controller.CategoryControllerTest.deleteCategory_WithInvalidId_ShouldThrowException(CategoryControllerTest.java:149)
Caused by: java.lang.RuntimeException: Category not found with id: 999
	at com.example.eventsapp.controller.CategoryControllerTest.deleteCategory_WithInvalidId_ShouldThrowException(CategoryControllerTest.java:149)
</error>
    <system-out><![CDATA[&amp#27;[2m2025-06-29 19:44:32.936&amp#27;[0;39m &amp#27;[32m INFO&amp#27;[0;39m &amp#27;[35m240&amp#27;[0;39m &amp#27;[2m---&amp#27;[0;39m &amp#27;[2m[           main]&amp#27;[0;39m &amp#27;[36m.b.t.a.w.s.WebMvcTestContextBootstrapper&amp#27;[0;39m &amp#27;[2m:&amp#27;[0;39m Neither @ContextConfiguration nor @ContextHierarchy found for test class [com.example.eventsapp.controller.CategoryControllerTest], using SpringBootContextLoader
&amp#27;[2m2025-06-29 19:44:32.936&amp#27;[0;39m &amp#27;[32m INFO&amp#27;[0;39m &amp#27;[35m240&amp#27;[0;39m &amp#27;[2m---&amp#27;[0;39m &amp#27;[2m[           main]&amp#27;[0;39m &amp#27;[36mo.s.t.c.support.AbstractContextLoader   &amp#27;[0;39m &amp#27;[2m:&amp#27;[0;39m Could not detect default resource locations for test class [com.example.eventsapp.controller.CategoryControllerTest]: no resource found for suffixes {-context.xml, Context.groovy}.
&amp#27;[2m2025-06-29 19:44:32.936&amp#27;[0;39m &amp#27;[32m INFO&amp#27;[0;39m &amp#27;[35m240&amp#27;[0;39m &amp#27;[2m---&amp#27;[0;39m &amp#27;[2m[           main]&amp#27;[0;39m &amp#27;[36mt.c.s.AnnotationConfigContextLoaderUtils&amp#27;[0;39m &amp#27;[2m:&amp#27;[0;39m Could not detect default configuration classes for test class [com.example.eventsapp.controller.CategoryControllerTest]: CategoryControllerTest does not declare any static, non-private, non-final, nested classes annotated with @Configuration.
&amp#27;[2m2025-06-29 19:44:32.946&amp#27;[0;39m &amp#27;[32m INFO&amp#27;[0;39m &amp#27;[35m240&amp#27;[0;39m &amp#27;[2m---&amp#27;[0;39m &amp#27;[2m[           main]&amp#27;[0;39m &amp#27;[36m.b.t.c.SpringBootTestContextBootstrapper&amp#27;[0;39m &amp#27;[2m:&amp#27;[0;39m Found @SpringBootConfiguration com.example.eventsapp.App for test class com.example.eventsapp.controller.CategoryControllerTest
&amp#27;[2m2025-06-29 19:44:32.946&amp#27;[0;39m &amp#27;[32m INFO&amp#27;[0;39m &amp#27;[35m240&amp#27;[0;39m &amp#27;[2m---&amp#27;[0;39m &amp#27;[2m[           main]&amp#27;[0;39m &amp#27;[36m.b.t.a.w.s.WebMvcTestContextBootstrapper&amp#27;[0;39m &amp#27;[2m:&amp#27;[0;39m Loaded default TestExecutionListener class names from location [META-INF/spring.factories]: [org.springframework.boot.test.mock.mockito.MockitoTestExecutionListener, org.springframework.boot.test.mock.mockito.ResetMocksTestExecutionListener, org.springframework.boot.test.autoconfigure.restdocs.RestDocsTestExecutionListener, org.springframework.boot.test.autoconfigure.web.client.MockRestServiceServerResetTestExecutionListener, org.springframework.boot.test.autoconfigure.web.servlet.MockMvcPrintOnlyOnFailureTestExecutionListener, org.springframework.boot.test.autoconfigure.web.servlet.WebDriverTestExecutionListener, org.springframework.boot.test.autoconfigure.webservices.client.MockWebServiceServerTestExecutionListener, org.springframework.test.context.web.ServletTestExecutionListener, org.springframework.test.context.support.DirtiesContextBeforeModesTestExecutionListener, org.springframework.test.context.event.ApplicationEventsTestExecutionListener, org.springframework.test.context.support.DependencyInjectionTestExecutionListener, org.springframework.test.context.support.DirtiesContextTestExecutionListener, org.springframework.test.context.transaction.TransactionalTestExecutionListener, org.springframework.test.context.jdbc.SqlScriptsTestExecutionListener, org.springframework.test.context.event.EventPublishingTestExecutionListener]
&amp#27;[2m2025-06-29 19:44:32.947&amp#27;[0;39m &amp#27;[32m INFO&amp#27;[0;39m &amp#27;[35m240&amp#27;[0;39m &amp#27;[2m---&amp#27;[0;39m &amp#27;[2m[           main]&amp#27;[0;39m &amp#27;[36m.b.t.a.w.s.WebMvcTestContextBootstrapper&amp#27;[0;39m &amp#27;[2m:&amp#27;[0;39m Using TestExecutionListeners: [org.springframework.test.context.web.ServletTestExecutionListener@49b6373f, org.springframework.test.context.support.DirtiesContextBeforeModesTestExecutionListener@20f3291d, org.springframework.test.context.event.ApplicationEventsTestExecutionListener@2f51b100, org.springframework.boot.test.mock.mockito.MockitoTestExecutionListener@654dbb78, org.springframework.boot.test.autoconfigure.SpringBootDependencyInjectionTestExecutionListener@1dba7721, org.springframework.test.context.support.DirtiesContextTestExecutionListener@24381e4a, org.springframework.test.context.transaction.TransactionalTestExecutionListener@6c3627c, org.springframework.test.context.jdbc.SqlScriptsTestExecutionListener@e5d9fa7, org.springframework.test.context.event.EventPublishingTestExecutionListener@4010f232, org.springframework.boot.test.mock.mockito.ResetMocksTestExecutionListener@24be6e34, org.springframework.boot.test.autoconfigure.restdocs.RestDocsTestExecutionListener@39f3285d, org.springframework.boot.test.autoconfigure.web.client.MockRestServiceServerResetTestExecutionListener@5b312863, org.springframework.boot.test.autoconfigure.web.servlet.MockMvcPrintOnlyOnFailureTestExecutionListener@1cf7c055, org.springframework.boot.test.autoconfigure.web.servlet.WebDriverTestExecutionListener@4b6fc231, org.springframework.boot.test.autoconfigure.webservices.client.MockWebServiceServerTestExecutionListener@6b7ebac1]

  .   ____          _            __ _ _
 /\\ / ___'_ __ _ _(_)_ __  __ _ \ \ \ \
( ( )\___ | '_ | '_| | '_ \/ _` | \ \ \ \
 \\/  ___)| |_)| | | | | || (_| |  ) ) ) )
  '  |____| .__|_| |_|_| |_\__, | / / / /
 =========|_|==============|___/=/_/_/_/
&amp#27;[32m :: Spring Boot :: &amp#27;[39m             &amp#27;[2m (v2.7.18)&amp#27;[0;39m

&amp#27;[2m2025-06-29 19:44:32.955&amp#27;[0;39m &amp#27;[32m INFO&amp#27;[0;39m &amp#27;[35m240&amp#27;[0;39m &amp#27;[2m---&amp#27;[0;39m &amp#27;[2m[           main]&amp#27;[0;39m &amp#27;[36mc.e.e.controller.CategoryControllerTest &amp#27;[0;39m &amp#27;[2m:&amp#27;[0;39m Starting CategoryControllerTest using Java 24.0.1 on EPUSPRIW1067 with PID 240 (started by Rashad_Javadov in /Users/Rashad_Javadov/events-backend)
&amp#27;[2m2025-06-29 19:44:32.956&amp#27;[0;39m &amp#27;[32m INFO&amp#27;[0;39m &amp#27;[35m240&amp#27;[0;39m &amp#27;[2m---&amp#27;[0;39m &amp#27;[2m[           main]&amp#27;[0;39m &amp#27;[36mc.e.e.controller.CategoryControllerTest &amp#27;[0;39m &amp#27;[2m:&amp#27;[0;39m No active profile set, falling back to 1 default profile: "default"
&amp#27;[2m2025-06-29 19:44:33.100&amp#27;[0;39m &amp#27;[32m INFO&amp#27;[0;39m &amp#27;[35m240&amp#27;[0;39m &amp#27;[2m---&amp#27;[0;39m &amp#27;[2m[           main]&amp#27;[0;39m &amp#27;[36mo.s.b.t.m.w.SpringBootMockServletContext&amp#27;[0;39m &amp#27;[2m:&amp#27;[0;39m Initializing Spring TestDispatcherServlet ''
&amp#27;[2m2025-06-29 19:44:33.101&amp#27;[0;39m &amp#27;[32m INFO&amp#27;[0;39m &amp#27;[35m240&amp#27;[0;39m &amp#27;[2m---&amp#27;[0;39m &amp#27;[2m[           main]&amp#27;[0;39m &amp#27;[36mo.s.t.web.servlet.TestDispatcherServlet &amp#27;[0;39m &amp#27;[2m:&amp#27;[0;39m Initializing Servlet ''
&amp#27;[2m2025-06-29 19:44:33.101&amp#27;[0;39m &amp#27;[32m INFO&amp#27;[0;39m &amp#27;[35m240&amp#27;[0;39m &amp#27;[2m---&amp#27;[0;39m &amp#27;[2m[           main]&amp#27;[0;39m &amp#27;[36mo.s.t.web.servlet.TestDispatcherServlet &amp#27;[0;39m &amp#27;[2m:&amp#27;[0;39m Completed initialization in 0 ms
&amp#27;[2m2025-06-29 19:44:33.104&amp#27;[0;39m &amp#27;[32m INFO&amp#27;[0;39m &amp#27;[35m240&amp#27;[0;39m &amp#27;[2m---&amp#27;[0;39m &amp#27;[2m[           main]&amp#27;[0;39m &amp#27;[36mc.e.e.controller.CategoryControllerTest &amp#27;[0;39m &amp#27;[2m:&amp#27;[0;39m Started CategoryControllerTest in 0.156 seconds (JVM running for 3.021)
]]></system-out>
  </testcase>
  <testcase name="getCategoryByName_WithInvalidName_ShouldThrowException" classname="com.example.eventsapp.controller.CategoryControllerTest" time="0.002">
    <error message="Request processing failed; nested exception is java.lang.RuntimeException: Category not found with name: InvalidCategory" type="org.springframework.web.util.NestedServletException">org.springframework.web.util.NestedServletException: Request processing failed; nested exception is java.lang.RuntimeException: Category not found with name: InvalidCategory
	at com.example.eventsapp.controller.CategoryControllerTest.getCategoryByName_WithInvalidName_ShouldThrowException(CategoryControllerTest.java:90)
Caused by: java.lang.RuntimeException: Category not found with name: InvalidCategory
	at com.example.eventsapp.controller.CategoryControllerTest.getCategoryByName_WithInvalidName_ShouldThrowException(CategoryControllerTest.java:90)
</error>
  </testcase>
  <testcase name="getCategoryByName_WithValidName_ShouldReturnCategory" classname="com.example.eventsapp.controller.CategoryControllerTest" time="0.009"/>
  <testcase name="createCategory_WithValidCategory_ShouldReturnCreatedCategory" classname="com.example.eventsapp.controller.CategoryControllerTest" time="0.004"/>
  <testcase name="getCategory_WithValidId_ShouldReturnCategory" classname="com.example.eventsapp.controller.CategoryControllerTest" time="0.002"/>
  <testcase name="getAllCategories_ShouldReturnCategoriesList" classname="com.example.eventsapp.controller.CategoryControllerTest" time="0.003"/>
  <testcase name="getCategory_WithInvalidId_ShouldThrowException" classname="com.example.eventsapp.controller.CategoryControllerTest" time="0.001">
    <error message="Request processing failed; nested exception is java.lang.RuntimeException: Category not found with id: 999" type="org.springframework.web.util.NestedServletException">org.springframework.web.util.NestedServletException: Request processing failed; nested exception is java.lang.RuntimeException: Category not found with id: 999
	at com.example.eventsapp.controller.CategoryControllerTest.getCategory_WithInvalidId_ShouldThrowException(CategoryControllerTest.java:70)
Caused by: java.lang.RuntimeException: Category not found with id: 999
	at com.example.eventsapp.controller.CategoryControllerTest.getCategory_WithInvalidId_ShouldThrowException(CategoryControllerTest.java:70)
</error>
  </testcase>
  <testcase name="updateCategory_WithValidCategory_ShouldReturnUpdatedCategory" classname="com.example.eventsapp.controller.CategoryControllerTest" time="0.002"/>
  <testcase name="deleteCategory_WithValidId_ShouldReturnNoContent" classname="com.example.eventsapp.controller.CategoryControllerTest" time="0.002"/>
  <testcase name="updateCategory_WithInvalidId_ShouldThrowException" classname="com.example.eventsapp.controller.CategoryControllerTest" time="0.001">
    <error message="Request processing failed; nested exception is java.lang.RuntimeException: Category not found with id: 999" type="org.springframework.web.util.NestedServletException">org.springframework.web.util.NestedServletException: Request processing failed; nested exception is java.lang.RuntimeException: Category not found with id: 999
	at com.example.eventsapp.controller.CategoryControllerTest.updateCategory_WithInvalidId_ShouldThrowException(CategoryControllerTest.java:129)
Caused by: java.lang.RuntimeException: Category not found with id: 999
	at com.example.eventsapp.controller.CategoryControllerTest.updateCategory_WithInvalidId_ShouldThrowException(CategoryControllerTest.java:129)
</error>
  </testcase>
</testsuite>