<?xml version="1.0" encoding="UTF-8"?>
<testsuite xmlns:xsi="http://www.w3.org/2001/XMLSchema-instance" xsi:noNamespaceSchemaLocation="https://maven.apache.org/surefire/maven-surefire-plugin/xsd/surefire-test-report.xsd" name="com.example.eventsapp.EventsAppIntegrationTest" time="0.627" tests="14" errors="3" skipped="0" failures="0">
  <properties>
[...]
</properties>
  <testcase name="createEvent_WithValidData_ShouldCreateAndReturnEvent" classname="com.example.eventsapp.EventsAppIntegrationTest" time="0.155"/>
  <testcase name="getEvent_WithInvalidId_ShouldReturnError" classname="com.example.eventsapp.EventsAppIntegrationTest" time="0.017">
    <error message="Request processing failed; nested exception is java.lang.RuntimeException: Event not found with id: 999" type="org.springframework.web.util.NestedServletException">org.springframework.web.util.NestedServletException: Request processing failed; nested exception is java.lang.RuntimeException: Event not found with id: 999
	at com.example.eventsapp.EventsAppIntegrationTest.getEvent_WithInvalidId_ShouldReturnError(EventsAppIntegrationTest.java:98)
Caused by: java.lang.RuntimeException: Event not found with id: 999
	at com.example.eventsapp.EventsAppIntegrationTest.getEvent_WithInvalidId_ShouldReturnError(EventsAppIntegrationTest.java:98)
</error>
    <system-out><![CDATA[&amp#27;[2m2025-06-29 19:44:32.761&amp#27;[0;39m &amp#27;[32m INFO&amp#27;[0;39m &amp#27;[35m240&amp#27;[0;39m &amp#27;[2m---&amp#27;[0;39m &amp#27;[2m[           main]&amp#27;[0;39m &amp#27;[36mo.s.t.c.transaction.TransactionContext  &amp#27;[0;39m &amp#27;[2m:&amp#27;[0;39m Began transaction (1) for test context [DefaultTestContext@48ba37dc testClass = EventsAppIntegrationTest, testInstance = com.example.eventsapp.EventsAppIntegrationTest@372e972d, testMethod = getEvent_WithInvalidId_ShouldReturnError@EventsAppIntegrationTest, testException = [null], mergedContextConfiguration = [WebMergedContextConfiguration@113cc14d testClass = EventsAppIntegrationTest, locations = '{}', classes = '{class com.example.eventsapp.App}', contextInitializerClasses = '[]', activeProfiles = '{test}', propertySourceLocations = '{}', propertySourceProperties = '{org.springframework.boot.test.context.SpringBootTestContextBootstrapper=true}', contextCustomizers = set[[ImportsContextCustomizer@10bcbbed key = [org.springframework.boot.autoconfigure.task.TaskExecutionAutoConfiguration, org.springframework.boot.autoconfigure.web.servlet.HttpEncodingAutoConfiguration, org.springframework.boot.autoconfigure.validation.ValidationAutoConfiguration, org.springframework.boot.autoconfigure.context.MessageSourceAutoConfiguration, org.springframework.boot.autoconfigure.hateoas.HypermediaAutoConfiguration, org.springframework.boot.autoconfigure.data.web.SpringDataWebAutoConfiguration, org.springframework.boot.autoconfigure.jackson.JacksonAutoConfiguration, org.springframework.boot.autoconfigure.thymeleaf.ThymeleafAutoConfiguration, org.springframework.boot.autoconfigure.web.servlet.error.ErrorMvcAutoConfiguration, com.example.eventsapp.JpaConfig, org.springframework.boot.autoconfigure.gson.GsonAutoConfiguration, org.springframework.boot.autoconfigure.jsonb.JsonbAutoConfiguration, org.springframework.boot.autoconfigure.freemarker.FreeMarkerAutoConfiguration, org.springframework.boot.autoconfigure.web.servlet.WebMvcAutoConfiguration, org.springframework.boot.autoconfigure.http.HttpMessageConvertersAutoConfiguration, org.springframework.boot.autoconfigure.groovy.template.GroovyTemplateAutoConfiguration, org.springframework.boot.autoconfigure.mustache.MustacheAutoConfiguration]], org.springframework.boot.test.context.filter.ExcludeFilterContextCustomizer@272ed83b, org.springframework.boot.test.json.DuplicateJsonObjectContextCustomizerFactory$DuplicateJsonObjectContextCustomizer@66498326, org.springframework.boot.test.mock.mockito.MockitoContextCustomizer@0, org.springframework.boot.test.web.client.TestRestTemplateContextCustomizer@6a84a97d, org.springframework.boot.test.autoconfigure.actuate.metrics.MetricsExportContextCustomizerFactory$DisableMetricExportContextCustomizer@932bc4a, org.springframework.boot.test.autoconfigure.properties.PropertyMappingContextCustomizer@0, org.springframework.boot.test.autoconfigure.web.servlet.WebDriverContextCustomizerFactory$Customizer@759d26fb, org.springframework.boot.test.context.SpringBootTestArgs@1, org.springframework.boot.test.context.SpringBootTestWebEnvironment@370736d9], resourceBasePath = 'src/main/webapp', contextLoader = 'org.springframework.boot.test.context.SpringBootContextLoader', parent = [null]], attributes = map['org.springframework.test.context.web.ServletTestExecutionListener.activateListener' -> true, 'org.springframework.test.context.web.ServletTestExecutionListener.populatedRequestContextHolder' -> true, 'org.springframework.test.context.web.ServletTestExecutionListener.resetRequestContextHolder' -> true, 'org.springframework.test.context.event.ApplicationEventsTestExecutionListener.recordApplicationEvents' -> false]]; transaction manager [org.springframework.orm.jpa.JpaTransactionManager@63053b71]; rollback [true]
&amp#27;[2m2025-06-29 19:44:32.762&amp#27;[0;39m &amp#27;[32m INFO&amp#27;[0;39m &amp#27;[35m240&amp#27;[0;39m &amp#27;[2m---&amp#27;[0;39m &amp#27;[2m[           main]&amp#27;[0;39m &amp#27;[36mo.s.b.t.m.w.SpringBootMockServletContext&amp#27;[0;39m &amp#27;[2m:&amp#27;[0;39m Initializing Spring TestDispatcherServlet ''
&amp#27;[2m2025-06-29 19:44:32.762&amp#27;[0;39m &amp#27;[32m INFO&amp#27;[0;39m &amp#27;[35m240&amp#27;[0;39m &amp#27;[2m---&amp#27;[0;39m &amp#27;[2m[           main]&amp#27;[0;39m &amp#27;[36mo.s.t.web.servlet.TestDispatcherServlet &amp#27;[0;39m &amp#27;[2m:&amp#27;[0;39m Initializing Servlet ''
&amp#27;[2m2025-06-29 19:44:32.762&amp#27;[0;39m &amp#27;[32m INFO&amp#27;[0;39m &amp#27;[35m240&amp#27;[0;39m &amp#27;[2m---&amp#27;[0;39m &amp#27;[2m[           main]&amp#27;[0;39m &amp#27;[36mo.s.t.web.servlet.TestDispatcherServlet &amp#27;[0;39m &amp#27;[2m:&amp#27;[0;39m Completed initialization in 0 ms
Hibernate: 
    select
        event0_.id as id1_1_,
        event0_.category_id as category7_1_,
        event0_.date as date2_1_,
        event0_.description as descript3_1_,
        event0_.image as image4_1_,
        event0_.title as title5_1_,
        event0_.type as type6_1_ 
    from
        event event0_
Hibernate: 
    select
        category0_.id as id1_0_0_,
        category0_.name as name2_0_0_ 
    from
        category category0_ 
    where
        category0_.id=?
Hibernate: 
    select
        category0_.id as id1_0_0_,
        category0_.name as name2_0_0_ 
    from
        category category0_ 
    where
        category0_.id=?
Hibernate: 
    delete 
    from
        event 
    where
        id=?
Hibernate: 
    delete 
    from
        category 
    where
        id=?
Hibernate: 
    delete 
    from
        event 
    where
        id=?
Hibernate: 
    delete 
    from
        category 
    where
        id=?
Hibernate: 
    select
        category0_.id as id1_0_,
        category0_.name as name2_0_ 
    from
        category category0_
Hibernate: 
    insert 
    into
        category
        (id, name) 
    values
        (default, ?)
Hibernate: 
    insert 
    into
        event
        (id, category_id, date, description, image, title, type) 
    values
        (default, ?, ?, ?, ?, ?, ?)
Hibernate: 
    select
        event0_.id as id1_1_0_,
        event0_.category_id as category7_1_0_,
        event0_.date as date2_1_0_,
        event0_.description as descript3_1_0_,
        event0_.image as image4_1_0_,
        event0_.title as title5_1_0_,
        event0_.type as type6_1_0_,
        category1_.id as id1_0_1_,
        category1_.name as name2_0_1_ 
    from
        event event0_ 
    left outer join
        category category1_ 
            on event0_.category_id=category1_.id 
    where
        event0_.id=?
&amp#27;[2m2025-06-29 19:44:32.774&amp#27;[0;39m &amp#27;[32m INFO&amp#27;[0;39m &amp#27;[35m240&amp#27;[0;39m &amp#27;[2m---&amp#27;[0;39m &amp#27;[2m[           main]&amp#27;[0;39m &amp#27;[36mo.s.t.c.transaction.TransactionContext  &amp#27;[0;39m &amp#27;[2m:&amp#27;[0;39m Rolled back transaction for test: [DefaultTestContext@48ba37dc testClass = EventsAppIntegrationTest, testInstance = com.example.eventsapp.EventsAppIntegrationTest@372e972d, testMethod = getEvent_WithInvalidId_ShouldReturnError@EventsAppIntegrationTest, testException = org.springframework.web.util.NestedServletException: Request processing failed; nested exception is java.lang.RuntimeException: Event not found with id: 999, mergedContextConfiguration = [WebMergedContextConfiguration@113cc14d testClass = EventsAppIntegrationTest, locations = '{}', classes = '{class com.example.eventsapp.App}', contextInitializerClasses = '[]', activeProfiles = '{test}', propertySourceLocations = '{}', propertySourceProperties = '{org.springframework.boot.test.context.SpringBootTestContextBootstrapper=true}', contextCustomizers = set[[ImportsContextCustomizer@10bcbbed key = [org.springframework.boot.autoconfigure.task.TaskExecutionAutoConfiguration, org.springframework.boot.autoconfigure.web.servlet.HttpEncodingAutoConfiguration, org.springframework.boot.autoconfigure.validation.ValidationAutoConfiguration, org.springframework.boot.autoconfigure.context.MessageSourceAutoConfiguration, org.springframework.boot.autoconfigure.hateoas.HypermediaAutoConfiguration, org.springframework.boot.autoconfigure.data.web.SpringDataWebAutoConfiguration, org.springframework.boot.autoconfigure.jackson.JacksonAutoConfiguration, org.springframework.boot.autoconfigure.thymeleaf.ThymeleafAutoConfiguration, org.springframework.boot.autoconfigure.web.servlet.error.ErrorMvcAutoConfiguration, com.example.eventsapp.JpaConfig, org.springframework.boot.autoconfigure.gson.GsonAutoConfiguration, org.springframework.boot.autoconfigure.jsonb.JsonbAutoConfiguration, org.springframework.boot.autoconfigure.freemarker.FreeMarkerAutoConfiguration, org.springframework.boot.autoconfigure.web.servlet.WebMvcAutoConfiguration, org.springframework.boot.autoconfigure.http.HttpMessageConvertersAutoConfiguration, org.springframework.boot.autoconfigure.groovy.template.GroovyTemplateAutoConfiguration, org.springframework.boot.autoconfigure.mustache.MustacheAutoConfiguration]], org.springframework.boot.test.context.filter.ExcludeFilterContextCustomizer@272ed83b, org.springframework.boot.test.json.DuplicateJsonObjectContextCustomizerFactory$DuplicateJsonObjectContextCustomizer@66498326, org.springframework.boot.test.mock.mockito.MockitoContextCustomizer@0, org.springframework.boot.test.web.client.TestRestTemplateContextCustomizer@6a84a97d, org.springframework.boot.test.autoconfigure.actuate.metrics.MetricsExportContextCustomizerFactory$DisableMetricExportContextCustomizer@932bc4a, org.springframework.boot.test.autoconfigure.properties.PropertyMappingContextCustomizer@0, org.springframework.boot.test.autoconfigure.web.servlet.WebDriverContextCustomizerFactory$Customizer@759d26fb, org.springframework.boot.test.context.SpringBootTestArgs@1, org.springframework.boot.test.context.SpringBootTestWebEnvironment@370736d9], resourceBasePath = 'src/main/webapp', contextLoader = 'org.springframework.boot.test.context.SpringBootContextLoader', parent = [null]], attributes = map['org.springframework.test.context.web.ServletTestExecutionListener.activateListener' -> true, 'org.springframework.test.context.web.ServletTestExecutionListener.populatedRequestContextHolder' -> true, 'org.springframework.test.context.web.ServletTestExecutionListener.resetRequestContextHolder' -> true, 'org.springframework.test.context.event.ApplicationEventsTestExecutionListener.recordApplicationEvents' -> false]]
]]></system-out>
  </testcase>
  <testcase name="deleteCategory_WithValidId_ShouldDeleteCategory" classname="com.example.eventsapp.EventsAppIntegrationTest" time="0.019">
    <error message="Request processing failed; nested exception is java.lang.RuntimeException: Category not found with id: 13" type="org.springframework.web.util.NestedServletException">org.springframework.web.util.NestedServletException: Request processing failed; nested exception is java.lang.RuntimeException: Category not found with id: 13
	at com.example.eventsapp.EventsAppIntegrationTest.deleteCategory_WithValidId_ShouldDeleteCategory(EventsAppIntegrationTest.java:206)
Caused by: java.lang.RuntimeException: Category not found with id: 13
	at com.example.eventsapp.EventsAppIntegrationTest.deleteCategory_WithValidId_ShouldDeleteCategory(EventsAppIntegrationTest.java:206)
</error>
    <system-out><![CDATA[&amp#27;[2m2025-06-29 19:44:32.777&amp#27;[0;39m &amp#27;[32m INFO&amp#27;[0;39m &amp#27;[35m240&amp#27;[0;39m &amp#27;[2m---&amp#27;[0;39m &amp#27;[2m[           main]&amp#27;[0;39m &amp#27;[36mo.s.t.c.transaction.TransactionContext  &amp#27;[0;39m &amp#27;[2m:&amp#27;[0;39m Began transaction (1) for test context [DefaultTestContext@48ba37dc testClass = EventsAppIntegrationTest, testInstance = com.example.eventsapp.EventsAppIntegrationTest@1a3a6216, testMethod = deleteCategory_WithValidId_ShouldDeleteCategory@EventsAppIntegrationTest, testException = [null], mergedContextConfiguration = [WebMergedContextConfiguration@113cc14d testClass = EventsAppIntegrationTest, locations = '{}', classes = '{class com.example.eventsapp.App}', contextInitializerClasses = '[]', activeProfiles = '{test}', propertySourceLocations = '{}', propertySourceProperties = '{org.springframework.boot.test.context.SpringBootTestContextBootstrapper=true}', contextCustomizers = set[[ImportsContextCustomizer@10bcbbed key = [org.springframework.boot.autoconfigure.task.TaskExecutionAutoConfiguration, org.springframework.boot.autoconfigure.web.servlet.HttpEncodingAutoConfiguration, org.springframework.boot.autoconfigure.validation.ValidationAutoConfiguration, org.springframework.boot.autoconfigure.context.MessageSourceAutoConfiguration, org.springframework.boot.autoconfigure.hateoas.HypermediaAutoConfiguration, org.springframework.boot.autoconfigure.data.web.SpringDataWebAutoConfiguration, org.springframework.boot.autoconfigure.jackson.JacksonAutoConfiguration, org.springframework.boot.autoconfigure.thymeleaf.ThymeleafAutoConfiguration, org.springframework.boot.autoconfigure.web.servlet.error.ErrorMvcAutoConfiguration, com.example.eventsapp.JpaConfig, org.springframework.boot.autoconfigure.gson.GsonAutoConfiguration, org.springframework.boot.autoconfigure.jsonb.JsonbAutoConfiguration, org.springframework.boot.autoconfigure.freemarker.FreeMarkerAutoConfiguration, org.springframework.boot.autoconfigure.web.servlet.WebMvcAutoConfiguration, org.springframework.boot.autoconfigure.http.HttpMessageConvertersAutoConfiguration, org.springframework.boot.autoconfigure.groovy.template.GroovyTemplateAutoConfiguration, org.springframework.boot.autoconfigure.mustache.MustacheAutoConfiguration]], org.springframework.boot.test.context.filter.ExcludeFilterContextCustomizer@272ed83b, org.springframework.boot.test.json.DuplicateJsonObjectContextCustomizerFactory$DuplicateJsonObjectContextCustomizer@66498326, org.springframework.boot.test.mock.mockito.MockitoContextCustomizer@0, org.springframework.boot.test.web.client.TestRestTemplateContextCustomizer@6a84a97d, org.springframework.boot.test.autoconfigure.actuate.metrics.MetricsExportContextCustomizerFactory$DisableMetricExportContextCustomizer@932bc4a, org.springframework.boot.test.autoconfigure.properties.PropertyMappingContextCustomizer@0, org.springframework.boot.test.autoconfigure.web.servlet.WebDriverContextCustomizerFactory$Customizer@759d26fb, org.springframework.boot.test.context.SpringBootTestArgs@1, org.springframework.boot.test.context.SpringBootTestWebEnvironment@370736d9], resourceBasePath = 'src/main/webapp', contextLoader = 'org.springframework.boot.test.context.SpringBootContextLoader', parent = [null]], attributes = map['org.springframework.test.context.web.ServletTestExecutionListener.activateListener' -> true, 'org.springframework.test.context.web.ServletTestExecutionListener.populatedRequestContextHolder' -> true, 'org.springframework.test.context.web.ServletTestExecutionListener.resetRequestContextHolder' -> true, 'org.springframework.test.context.event.ApplicationEventsTestExecutionListener.recordApplicationEvents' -> false]]; transaction manager [org.springframework.orm.jpa.JpaTransactionManager@63053b71]; rollback [true]
&amp#27;[2m2025-06-29 19:44:32.778&amp#27;[0;39m &amp#27;[32m INFO&amp#27;[0;39m &amp#27;[35m240&amp#27;[0;39m &amp#27;[2m---&amp#27;[0;39m &amp#27;[2m[           main]&amp#27;[0;39m &amp#27;[36mo.s.b.t.m.w.SpringBootMockServletContext&amp#27;[0;39m &amp#27;[2m:&amp#27;[0;39m Initializing Spring TestDispatcherServlet ''
&amp#27;[2m2025-06-29 19:44:32.778&amp#27;[0;39m &amp#27;[32m INFO&amp#27;[0;39m &amp#27;[35m240&amp#27;[0;39m &amp#27;[2m---&amp#27;[0;39m &amp#27;[2m[           main]&amp#27;[0;39m &amp#27;[36mo.s.t.web.servlet.TestDispatcherServlet &amp#27;[0;39m &amp#27;[2m:&amp#27;[0;39m Initializing Servlet ''
&amp#27;[2m2025-06-29 19:44:32.778&amp#27;[0;39m &amp#27;[32m INFO&amp#27;[0;39m &amp#27;[35m240&amp#27;[0;39m &amp#27;[2m---&amp#27;[0;39m &amp#27;[2m[           main]&amp#27;[0;39m &amp#27;[36mo.s.t.web.servlet.TestDispatcherServlet &amp#27;[0;39m &amp#27;[2m:&amp#27;[0;39m Completed initialization in 0 ms
Hibernate: 
    select
        event0_.id as id1_1_,
        event0_.category_id as category7_1_,
        event0_.date as date2_1_,
        event0_.description as descript3_1_,
        event0_.image as image4_1_,
        event0_.title as title5_1_,
        event0_.type as type6_1_ 
    from
        event event0_
Hibernate: 
    select
        category0_.id as id1_0_0_,
        category0_.name as name2_0_0_ 
    from
        category category0_ 
    where
        category0_.id=?
Hibernate: 
    select
        category0_.id as id1_0_0_,
        category0_.name as name2_0_0_ 
    from
        category category0_ 
    where
        category0_.id=?
Hibernate: 
    delete 
    from
        event 
    where
        id=?
Hibernate: 
    delete 
    from
        category 
    where
        id=?
Hibernate: 
    delete 
    from
        event 
    where
        id=?
Hibernate: 
    delete 
    from
        category 
    where
        id=?
Hibernate: 
    select
        category0_.id as id1_0_,
        category0_.name as name2_0_ 
    from
        category category0_
Hibernate: 
    insert 
    into
        category
        (id, name) 
    values
        (default, ?)
Hibernate: 
    insert 
    into
        event
        (id, category_id, date, description, image, title, type) 
    values
        (default, ?, ?, ?, ?, ?, ?)
Hibernate: 
    delete 
    from
        category 
    where
        id=?
Hibernate: 
    delete 
    from
        category 
    where
        id=?
Hibernate: 
    delete 
    from
        category 
    where
        id=?
Hibernate: 
    delete 
    from
        category 
    where
        id=?
Hibernate: 
    delete 
    from
        category 
    where
        id=?
Hibernate: 
    delete 
    from
        category 
    where
        id=?
Hibernate: 
    delete 
    from
        category 
    where
        id=?
Hibernate: 
    select
        count(*) as col_0_0_ 
    from
        category category0_ 
    where
        category0_.id=?
&amp#27;[2m2025-06-29 19:44:32.795&amp#27;[0;39m &amp#27;[32m INFO&amp#27;[0;39m &amp#27;[35m240&amp#27;[0;39m &amp#27;[2m---&amp#27;[0;39m &amp#27;[2m[           main]&amp#27;[0;39m &amp#27;[36mo.s.t.c.transaction.TransactionContext  &amp#27;[0;39m &amp#27;[2m:&amp#27;[0;39m Rolled back transaction for test: [DefaultTestContext@48ba37dc testClass = EventsAppIntegrationTest, testInstance = com.example.eventsapp.EventsAppIntegrationTest@1a3a6216, testMethod = deleteCategory_WithValidId_ShouldDeleteCategory@EventsAppIntegrationTest, testException = org.springframework.web.util.NestedServletException: Request processing failed; nested exception is java.lang.RuntimeException: Category not found with id: 13, mergedContextConfiguration = [WebMergedContextConfiguration@113cc14d testClass = EventsAppIntegrationTest, locations = '{}', classes = '{class com.example.eventsapp.App}', contextInitializerClasses = '[]', activeProfiles = '{test}', propertySourceLocations = '{}', propertySourceProperties = '{org.springframework.boot.test.context.SpringBootTestContextBootstrapper=true}', contextCustomizers = set[[ImportsContextCustomizer@10bcbbed key = [org.springframework.boot.autoconfigure.task.TaskExecutionAutoConfiguration, org.springframework.boot.autoconfigure.web.servlet.HttpEncodingAutoConfiguration, org.springframework.boot.autoconfigure.validation.ValidationAutoConfiguration, org.springframework.boot.autoconfigure.context.MessageSourceAutoConfiguration, org.springframework.boot.autoconfigure.hateoas.HypermediaAutoConfiguration, org.springframework.boot.autoconfigure.data.web.SpringDataWebAutoConfiguration, org.springframework.boot.autoconfigure.jackson.JacksonAutoConfiguration, org.springframework.boot.autoconfigure.thymeleaf.ThymeleafAutoConfiguration, org.springframework.boot.autoconfigure.web.servlet.error.ErrorMvcAutoConfiguration, com.example.eventsapp.JpaConfig, org.springframework.boot.autoconfigure.gson.GsonAutoConfiguration, org.springframework.boot.autoconfigure.jsonb.JsonbAutoConfiguration, org.springframework.boot.autoconfigure.freemarker.FreeMarkerAutoConfiguration, org.springframework.boot.autoconfigure.web.servlet.WebMvcAutoConfiguration, org.springframework.boot.autoconfigure.http.HttpMessageConvertersAutoConfiguration, org.springframework.boot.autoconfigure.groovy.template.GroovyTemplateAutoConfiguration, org.springframework.boot.autoconfigure.mustache.MustacheAutoConfiguration]], org.springframework.boot.test.context.filter.ExcludeFilterContextCustomizer@272ed83b, org.springframework.boot.test.json.DuplicateJsonObjectContextCustomizerFactory$DuplicateJsonObjectContextCustomizer@66498326, org.springframework.boot.test.mock.mockito.MockitoContextCustomizer@0, org.springframework.boot.test.web.client.TestRestTemplateContextCustomizer@6a84a97d, org.springframework.boot.test.autoconfigure.actuate.metrics.MetricsExportContextCustomizerFactory$DisableMetricExportContextCustomizer@932bc4a, org.springframework.boot.test.autoconfigure.properties.PropertyMappingContextCustomizer@0, org.springframework.boot.test.autoconfigure.web.servlet.WebDriverContextCustomizerFactory$Customizer@759d26fb, org.springframework.boot.test.context.SpringBootTestArgs@1, org.springframework.boot.test.context.SpringBootTestWebEnvironment@370736d9], resourceBasePath = 'src/main/webapp', contextLoader = 'org.springframework.boot.test.context.SpringBootContextLoader', parent = [null]], attributes = map['org.springframework.test.context.web.ServletTestExecutionListener.activateListener' -> true, 'org.springframework.test.context.web.ServletTestExecutionListener.populatedRequestContextHolder' -> true, 'org.springframework.test.context.web.ServletTestExecutionListener.resetRequestContextHolder' -> true, 'org.springframework.test.context.event.ApplicationEventsTestExecutionListener.recordApplicationEvents' -> false]]
]]></system-out>
  </testcase>
  <testcase name="createEventWithCategory_ShouldCreateEventWithCategory" classname="com.example.eventsapp.EventsAppIntegrationTest" time="0.01"/>
  <testcase name="deleteEvent_WithValidId_ShouldDeleteEvent" classname="com.example.eventsapp.EventsAppIntegrationTest" time="0.012">
    <error message="Request processing failed; nested exception is java.lang.RuntimeException: Event not found with id: 9" type="org.springframework.web.util.NestedServletException">org.springframework.web.util.NestedServletException: Request processing failed; nested exception is java.lang.RuntimeException: Event not found with id: 9
	at com.example.eventsapp.EventsAppIntegrationTest.deleteEvent_WithValidId_ShouldDeleteEvent(EventsAppIntegrationTest.java:145)
Caused by: java.lang.RuntimeException: Event not found with id: 9
	at com.example.eventsapp.EventsAppIntegrationTest.deleteEvent_WithValidId_ShouldDeleteEvent(EventsAppIntegrationTest.java:145)
</error>
    <system-out><![CDATA[&amp#27;[2m2025-06-29 19:44:32.808&amp#27;[0;39m &amp#27;[32m INFO&amp#27;[0;39m &amp#27;[35m240&amp#27;[0;39m &amp#27;[2m---&amp#27;[0;39m &amp#27;[2m[           main]&amp#27;[0;39m &amp#27;[36mo.s.t.c.transaction.TransactionContext  &amp#27;[0;39m &amp#27;[2m:&amp#27;[0;39m Began transaction (1) for test context [DefaultTestContext@48ba37dc testClass = EventsAppIntegrationTest, testInstance = com.example.eventsapp.EventsAppIntegrationTest@7be85f15, testMethod = deleteEvent_WithValidId_ShouldDeleteEvent@EventsAppIntegrationTest, testException = [null], mergedContextConfiguration = [WebMergedContextConfiguration@113cc14d testClass = EventsAppIntegrationTest, locations = '{}', classes = '{class com.example.eventsapp.App}', contextInitializerClasses = '[]', activeProfiles = '{test}', propertySourceLocations = '{}', propertySourceProperties = '{org.springframework.boot.test.context.SpringBootTestContextBootstrapper=true}', contextCustomizers = set[[ImportsContextCustomizer@10bcbbed key = [org.springframework.boot.autoconfigure.task.TaskExecutionAutoConfiguration, org.springframework.boot.autoconfigure.web.servlet.HttpEncodingAutoConfiguration, org.springframework.boot.autoconfigure.validation.ValidationAutoConfiguration, org.springframework.boot.autoconfigure.context.MessageSourceAutoConfiguration, org.springframework.boot.autoconfigure.hateoas.HypermediaAutoConfiguration, org.springframework.boot.autoconfigure.data.web.SpringDataWebAutoConfiguration, org.springframework.boot.autoconfigure.jackson.JacksonAutoConfiguration, org.springframework.boot.autoconfigure.thymeleaf.ThymeleafAutoConfiguration, org.springframework.boot.autoconfigure.web.servlet.error.ErrorMvcAutoConfiguration, com.example.eventsapp.JpaConfig, org.springframework.boot.autoconfigure.gson.GsonAutoConfiguration, org.springframework.boot.autoconfigure.jsonb.JsonbAutoConfiguration, org.springframework.boot.autoconfigure.freemarker.FreeMarkerAutoConfiguration, org.springframework.boot.autoconfigure.web.servlet.WebMvcAutoConfiguration, org.springframework.boot.autoconfigure.http.HttpMessageConvertersAutoConfiguration, org.springframework.boot.autoconfigure.groovy.template.GroovyTemplateAutoConfiguration, org.springframework.boot.autoconfigure.mustache.MustacheAutoConfiguration]], org.springframework.boot.test.context.filter.ExcludeFilterContextCustomizer@272ed83b, org.springframework.boot.test.json.DuplicateJsonObjectContextCustomizerFactory$DuplicateJsonObjectContextCustomizer@66498326, org.springframework.boot.test.mock.mockito.MockitoContextCustomizer@0, org.springframework.boot.test.web.client.TestRestTemplateContextCustomizer@6a84a97d, org.springframework.boot.test.autoconfigure.actuate.metrics.MetricsExportContextCustomizerFactory$DisableMetricExportContextCustomizer@932bc4a, org.springframework.boot.test.autoconfigure.properties.PropertyMappingContextCustomizer@0, org.springframework.boot.test.autoconfigure.web.servlet.WebDriverContextCustomizerFactory$Customizer@759d26fb, org.springframework.boot.test.context.SpringBootTestArgs@1, org.springframework.boot.test.context.SpringBootTestWebEnvironment@370736d9], resourceBasePath = 'src/main/webapp', contextLoader = 'org.springframework.boot.test.context.SpringBootContextLoader', parent = [null]], attributes = map['org.springframework.test.context.web.ServletTestExecutionListener.activateListener' -> true, 'org.springframework.test.context.web.ServletTestExecutionListener.populatedRequestContextHolder' -> true, 'org.springframework.test.context.web.ServletTestExecutionListener.resetRequestContextHolder' -> true, 'org.springframework.test.context.event.ApplicationEventsTestExecutionListener.recordApplicationEvents' -> false]]; transaction manager [org.springframework.orm.jpa.JpaTransactionManager@63053b71]; rollback [true]
&amp#27;[2m2025-06-29 19:44:32.809&amp#27;[0;39m &amp#27;[32m INFO&amp#27;[0;39m &amp#27;[35m240&amp#27;[0;39m &amp#27;[2m---&amp#27;[0;39m &amp#27;[2m[           main]&amp#27;[0;39m &amp#27;[36mo.s.b.t.m.w.SpringBootMockServletContext&amp#27;[0;39m &amp#27;[2m:&amp#27;[0;39m Initializing Spring TestDispatcherServlet ''
&amp#27;[2m2025-06-29 19:44:32.809&amp#27;[0;39m &amp#27;[32m INFO&amp#27;[0;39m &amp#27;[35m240&amp#27;[0;39m &amp#27;[2m---&amp#27;[0;39m &amp#27;[2m[           main]&amp#27;[0;39m &amp#27;[36mo.s.t.web.servlet.TestDispatcherServlet &amp#27;[0;39m &amp#27;[2m:&amp#27;[0;39m Initializing Servlet ''
&amp#27;[2m2025-06-29 19:44:32.809&amp#27;[0;39m &amp#27;[32m INFO&amp#27;[0;39m &amp#27;[35m240&amp#27;[0;39m &amp#27;[2m---&amp#27;[0;39m &amp#27;[2m[           main]&amp#27;[0;39m &amp#27;[36mo.s.t.web.servlet.TestDispatcherServlet &amp#27;[0;39m &amp#27;[2m:&amp#27;[0;39m Completed initialization in 0 ms
Hibernate: 
    select
        event0_.id as id1_1_,
        event0_.category_id as category7_1_,
        event0_.date as date2_1_,
        event0_.description as descript3_1_,
        event0_.image as image4_1_,
        event0_.title as title5_1_,
        event0_.type as type6_1_ 
    from
        event event0_
Hibernate: 
    select
        category0_.id as id1_0_0_,
        category0_.name as name2_0_0_ 
    from
        category category0_ 
    where
        category0_.id=?
Hibernate: 
    select
        category0_.id as id1_0_0_,
        category0_.name as name2_0_0_ 
    from
        category category0_ 
    where
        category0_.id=?
Hibernate: 
    delete 
    from
        event 
    where
        id=?
Hibernate: 
    delete 
    from
        category 
    where
        id=?
Hibernate: 
    delete 
    from
        event 
    where
        id=?
Hibernate: 
    delete 
    from
        category 
    where
        id=?
Hibernate: 
    select
        category0_.id as id1_0_,
        category0_.name as name2_0_ 
    from
        category category0_
Hibernate: 
    insert 
    into
        category
        (id, name) 
    values
        (default, ?)
Hibernate: 
    insert 
    into
        event
        (id, category_id, date, description, image, title, type) 
    values
        (default, ?, ?, ?, ?, ?, ?)
Hibernate: 
    select
        count(*) as col_0_0_ 
    from
        event event0_ 
    where
        event0_.id=?
&amp#27;[2m2025-06-29 19:44:32.819&amp#27;[0;39m &amp#27;[32m INFO&amp#27;[0;39m &amp#27;[35m240&amp#27;[0;39m &amp#27;[2m---&amp#27;[0;39m &amp#27;[2m[           main]&amp#27;[0;39m &amp#27;[36mo.s.t.c.transaction.TransactionContext  &amp#27;[0;39m &amp#27;[2m:&amp#27;[0;39m Rolled back transaction for test: [DefaultTestContext@48ba37dc testClass = EventsAppIntegrationTest, testInstance = com.example.eventsapp.EventsAppIntegrationTest@7be85f15, testMethod = deleteEvent_WithValidId_ShouldDeleteEvent@EventsAppIntegrationTest, testException = org.springframework.web.util.NestedServletException: Request processing failed; nested exception is java.lang.RuntimeException: Event not found with id: 9, mergedContextConfiguration = [WebMergedContextConfiguration@113cc14d testClass = EventsAppIntegrationTest, locations = '{}', classes = '{class com.example.eventsapp.App}', contextInitializerClasses = '[]', activeProfiles = '{test}', propertySourceLocations = '{}', propertySourceProperties = '{org.springframework.boot.test.context.SpringBootTestContextBootstrapper=true}', contextCustomizers = set[[ImportsContextCustomizer@10bcbbed key = [org.springframework.boot.autoconfigure.task.TaskExecutionAutoConfiguration, org.springframework.boot.autoconfigure.web.servlet.HttpEncodingAutoConfiguration, org.springframework.boot.autoconfigure.validation.ValidationAutoConfiguration, org.springframework.boot.autoconfigure.context.MessageSourceAutoConfiguration, org.springframework.boot.autoconfigure.hateoas.HypermediaAutoConfiguration, org.springframework.boot.autoconfigure.data.web.SpringDataWebAutoConfiguration, org.springframework.boot.autoconfigure.jackson.JacksonAutoConfiguration, org.springframework.boot.autoconfigure.thymeleaf.ThymeleafAutoConfiguration, org.springframework.boot.autoconfigure.web.servlet.error.ErrorMvcAutoConfiguration, com.example.eventsapp.JpaConfig, org.springframework.boot.autoconfigure.gson.GsonAutoConfiguration, org.springframework.boot.autoconfigure.jsonb.JsonbAutoConfiguration, org.springframework.boot.autoconfigure.freemarker.FreeMarkerAutoConfiguration, org.springframework.boot.autoconfigure.web.servlet.WebMvcAutoConfiguration, org.springframework.boot.autoconfigure.http.HttpMessageConvertersAutoConfiguration, org.springframework.boot.autoconfigure.groovy.template.GroovyTemplateAutoConfiguration, org.springframework.boot.autoconfigure.mustache.MustacheAutoConfiguration]], org.springframework.boot.test.context.filter.ExcludeFilterContextCustomizer@272ed83b, org.springframework.boot.test.json.DuplicateJsonObjectContextCustomizerFactory$DuplicateJsonObjectContextCustomizer@66498326, org.springframework.boot.test.mock.mockito.MockitoContextCustomizer@0, org.springframework.boot.test.web.client.TestRestTemplateContextCustomizer@6a84a97d, org.springframework.boot.test.autoconfigure.actuate.metrics.MetricsExportContextCustomizerFactory$DisableMetricExportContextCustomizer@932bc4a, org.springframework.boot.test.autoconfigure.properties.PropertyMappingContextCustomizer@0, org.springframework.boot.test.autoconfigure.web.servlet.WebDriverContextCustomizerFactory$Customizer@759d26fb, org.springframework.boot.test.context.SpringBootTestArgs@1, org.springframework.boot.test.context.SpringBootTestWebEnvironment@370736d9], resourceBasePath = 'src/main/webapp', contextLoader = 'org.springframework.boot.test.context.SpringBootContextLoader', parent = [null]], attributes = map['org.springframework.test.context.web.ServletTestExecutionListener.activateListener' -> true, 'org.springframework.test.context.web.ServletTestExecutionListener.populatedRequestContextHolder' -> true, 'org.springframework.test.context.web.ServletTestExecutionListener.resetRequestContextHolder' -> true, 'org.springframework.test.context.event.ApplicationEventsTestExecutionListener.recordApplicationEvents' -> false]]
]]></system-out>
  </testcase>
  <testcase name="getCategoryByName_WithValidName_ShouldReturnCategory" classname="com.example.eventsapp.EventsAppIntegrationTest" time="0.017"/>
  <testcase name="updateCategory_WithValidData_ShouldUpdateAndReturnCategory" classname="com.example.eventsapp.EventsAppIntegrationTest" time="0.012"/>
  <testcase name="getCategory_WithValidId_ShouldReturnCategory" classname="com.example.eventsapp.EventsAppIntegrationTest" time="0.009"/>
  <testcase name="getEvent_WithValidId_ShouldReturnEvent" classname="com.example.eventsapp.EventsAppIntegrationTest" time="0.009"/>
  <testcase name="getAllCategories_ShouldReturnCategories" classname="com.example.eventsapp.EventsAppIntegrationTest" time="0.011"/>
  <testcase name="updateEvent_WithValidData_ShouldUpdateAndReturnEvent" classname="com.example.eventsapp.EventsAppIntegrationTest" time="0.017"/>
  <testcase name="contextLoads" classname="com.example.eventsapp.EventsAppIntegrationTest" time="0.012"/>
  <testcase name="createCategory_WithValidData_ShouldCreateAndReturnCategory" classname="com.example.eventsapp.EventsAppIntegrationTest" time="0.011"/>
  <testcase name="getAllEvents_ShouldReturnEvents" classname="com.example.eventsapp.EventsAppIntegrationTest" time="0.011"/>
</testsuite>